#
# A fatal error has been detected by the Java Runtime Environment:
#
#  EXCEPTION_ACCESS_VIOLATION (0xc0000005) at pc=0x00007ffa1d2c5717, pid=11704, tid=11440
#
# JRE version: OpenJDK Runtime Environment (11.0.2+9) (build 11.0.2+9)
# Java VM: OpenJDK 64-Bit Server VM (11.0.2+9, mixed mode, tiered, compressed oops, g1 gc, windows-amd64)
# Problematic frame:
# C  [ntdll.dll+0x15717]
#
# No core dump will be written. Minidumps are not enabled by default on client versions of Windows
#
# If you would like to submit a bug report, please visit:
#   http://bugreport.java.com/bugreport/crash.jsp
# The crash happened outside the Java Virtual Machine in native code.
# See problematic frame for where to report the bug.
#

---------------  S U M M A R Y ------------

Command Line: -javaagent:C:\Program Files\JetBrains\IntelliJ IDEA Community Edition 2018.3.5\lib\idea_rt.jar=57970:C:\Program Files\JetBrains\IntelliJ IDEA Community Edition 2018.3.5\bin -Dfile.encoding=UTF-8 com.mygdx.game.desktop.DesktopLauncher

Host: Intel(R) Core(TM) i7-7700HQ CPU @ 2.80GHz, 8 cores, 7G,  Windows 10 , 64 bit Build 17134 (10.0.17134.1)
Time: Sun Mar 10 16:44:49 2019 ?rodkowoeuropejski czas stand. elapsed time: 8 seconds (0d 0h 0m 8s)

---------------  T H R E A D  ---------------

Current thread (0x0000016c7b253800):  JavaThread "LWJGL Application" [_thread_in_native, id=11440, stack(0x0000002282400000,0x0000002282500000)]

Stack: [0x0000002282400000,0x0000002282500000],  sp=0x00000022824fe0f0,  free space=1016k
Native frames: (J=compiled Java code, j=interpreted, Vv=VM code, C=native code)
C  [ntdll.dll+0x15717]
C  [ntdll.dll+0x12c95]
C  [msvcrt.dll+0x19960]
C  [msvcrt.dll+0x199f2]
C  [gdx64.dll+0xebb2]

Java frames: (J=compiled Java code, j=interpreted, Vv=VM code)
J 902  com.badlogic.gdx.graphics.g2d.Gdx2DPixmap.load([J[BII)Ljava/nio/ByteBuffer; (0 bytes) @ 0x0000016c07b197b0 [0x0000016c07b19740+0x0000000000000070]
J 924 c1 com.badlogic.gdx.graphics.g2d.Gdx2DPixmap.<init>([BIII)V (125 bytes) @ 0x0000016c0073ed44 [0x0000016c0073ebc0+0x0000000000000184]
J 894 c1 com.badlogic.gdx.graphics.Pixmap.<init>(Lcom/badlogic/gdx/files/FileHandle;)V (77 bytes) @ 0x0000016c00721c4c [0x0000016c00721a00+0x000000000000024c]
J 893 c1 com.badlogic.gdx.graphics.TextureData$Factory.loadFromFile(Lcom/badlogic/gdx/files/FileHandle;Lcom/badlogic/gdx/graphics/Pixmap$Format;Z)Lcom/badlogic/gdx/graphics/TextureData; (108 bytes) @ 0x0000016c0072075c [0x0000016c0071f9c0+0x0000000000000d9c]
J 870 c1 com.badlogic.gdx.graphics.Texture.<init>(Ljava/lang/String;)V (14 bytes) @ 0x0000016c00714d04 [0x0000016c00714960+0x00000000000003a4]
j  com.mygdx.game.screens.MenuScreen.<init>(Lcom/mygdx/game/KuzniaGame;)V+16
j  com.mygdx.game.screens.MainScreen$1.run()V+18
j  com.badlogic.gdx.backends.lwjgl.LwjglApplication.executeRunnables()Z+81
j  com.badlogic.gdx.backends.lwjgl.LwjglApplication.mainLoop()V+558
j  com.badlogic.gdx.backends.lwjgl.LwjglApplication$1.run()V+27
v  ~StubRoutines::call_stub

siginfo: EXCEPTION_ACCESS_VIOLATION (0xc0000005), reading address 0x00000000feffffff


Register to memory mapping:

RIP=0x00007ffa1d2c5717 ntdll.dll
RAX=0x00000000006e0016 is an unknown value
RBX=0x0000016c69f00000 points into unknown readable memory: 00 00 00 00 00 00 00 00
RCX=0x0000000000001678 is an unknown value
RDX=0x0000000000000016 is an unknown value
RSP=0x00000022824fe0f0 is pointing into the stack for thread: 0x0000016c7b253800
RBP=0x0 is NULL
RSI=0x0000016c7b86d290 points into unknown readable memory: 00 00 7a 43 00 00 dc 42
RDI=0x000000000000037f is an unknown value
R8 =
[error occurred during error reporting (printing register info), id 0xc0000005, EXCEPTION_ACCESS_VIOLATION (0xc0000005) at pc=0x00007ff9d38d24b6]

Registers:
RAX=0x00000000006e0016, RBX=0x0000016c69f00000, RCX=0x0000000000001678, RDX=0x0000000000000016
RSP=0x00000022824fe0f0, RBP=0x0000000000000000, RSI=0x0000016c7b86d290, RDI=0x000000000000037f
R8 =0x00000000feffffff, R9 =0x000000000000001b, R10=0x0000000065ac1420, R11=0x00007ffa1d3c8ac0
R12=0x0000016c69f00150, R13=0x42dc0000437a0000, R14=0x0000016c7b86d280, R15=0x0000016c69f02730
RIP=0x00007ffa1d2c5717, EFLAGS=0x0000000000010206

Top of Stack: (sp=0x00000022824fe0f0)
0x00000022824fe0f0:   0000000000000000 00007ffa19aeb554
0x00000022824fe100:   0000000000000000 0000000000000000
0x00000022824fe110:   0000000000000070 ffffffffffffffff
0x00000022824fe120:   0000000100000001 0000000000000000
0x00000022824fe130:   0000000000000007 0000000100000000
0x00000022824fe140:   0000000000000000 0000000000000101
0x00000022824fe150:   00007ff900000001 00000000feffffff
0x00000022824fe160:   0000000000000004 000000220000037f
0x00000022824fe170:   000000007fcf9398 00000022824fe240
0x00000022824fe180:   0000016c7b86d280 0000000000000000
0x00000022824fe190:   0000000000000000 0000000000000101
0x00000022824fe1a0:   00007ff9d1043660 0000000000000000
0x00000022824fe1b0:   00007ff9d10435e0 0000c31fd1a15fbe
0x00000022824fe1c0:   0000016c7accda80 0000000000000000
0x00000022824fe1d0:   0000000000000000 0000000000000000
0x00000022824fe1e0:   0000016c69f027d4 0000000000000215 

Instructions: (pc=0x00007ffa1d2c5717)
0x00007ffa1d2c56f7:   0f b7 4e 08 0f b7 d1 66 c1 ea 08 49 3b cd 0f 82
0x00007ffa1d2c5707:   ef 17 00 00 4c 8b 2e 4d 8b 46 18 4c 89 44 24 68
0x00007ffa1d2c5717:   49 8b 00 4d 8b 4d 08 49 3b c1 0f 85 b0 17 00 00
0x00007ffa1d2c5727:   48 3b c6 0f 85 a7 17 00 00 48 29 8b c0 00 00 00 


Stack slot to memory mapping:
stack at sp + 0 slots: 0x0 is NULL
stack at sp + 1 slots: 0x00007ffa19aeb554 KERNELBASE.dll
stack at sp + 2 slots: 0x0 is NULL
stack at sp + 3 slots: 0x0 is NULL
stack at sp + 4 slots: 0x0000000000000070 is an unknown value
stack at sp + 5 slots: 0xffffffffffffffff is an unknown value
stack at sp + 6 slots: 0x0000000100000001 is pointing into metadata
stack at sp + 7 slots: 0x0 is NULL


---------------  P R O C E S S  ---------------

Threads class SMR info:
_java_thread_list=0x0000016c111f40d0, length=14, elements={
0x0000016c7a313000, 0x0000016c7a31c000, 0x0000016c7a32c800, 0x0000016c7a32e000,
0x0000016c7ac8b800, 0x0000016c7ac95000, 0x0000016c7ac97000, 0x0000016c7ae02000,
0x0000016c7b09d000, 0x0000016c7b09d800, 0x0000016c7b253800, 0x0000016c6a77f800,
0x0000016c11310000, 0x0000016c113cc000
}

Java Threads: ( => current thread )
  0x0000016c7a313000 JavaThread "Reference Handler" daemon [_thread_blocked, id=12796, stack(0x0000002281700000,0x0000002281800000)]
  0x0000016c7a31c000 JavaThread "Finalizer" daemon [_thread_blocked, id=7568, stack(0x0000002281800000,0x0000002281900000)]
  0x0000016c7a32c800 JavaThread "Signal Dispatcher" daemon [_thread_blocked, id=17940, stack(0x0000002281900000,0x0000002281a00000)]
  0x0000016c7a32e000 JavaThread "Attach Listener" daemon [_thread_blocked, id=11012, stack(0x0000002281a00000,0x0000002281b00000)]
  0x0000016c7ac8b800 JavaThread "C2 CompilerThread0" daemon [_thread_blocked, id=10252, stack(0x0000002281b00000,0x0000002281c00000)]
  0x0000016c7ac95000 JavaThread "C1 CompilerThread0" daemon [_thread_blocked, id=1120, stack(0x0000002281c00000,0x0000002281d00000)]
  0x0000016c7ac97000 JavaThread "Sweeper thread" daemon [_thread_blocked, id=17000, stack(0x0000002281d00000,0x0000002281e00000)]
  0x0000016c7ae02000 JavaThread "Common-Cleaner" daemon [_thread_blocked, id=5640, stack(0x0000002281e00000,0x0000002281f00000)]
  0x0000016c7b09d000 JavaThread "Monitor Ctrl-Break" daemon [_thread_in_native, id=11336, stack(0x0000002282000000,0x0000002282100000)]
  0x0000016c7b09d800 JavaThread "Service Thread" daemon [_thread_blocked, id=13764, stack(0x0000002282100000,0x0000002282200000)]
=>0x0000016c7b253800 JavaThread "LWJGL Application" [_thread_in_native, id=11440, stack(0x0000002282400000,0x0000002282500000)]
  0x0000016c6a77f800 JavaThread "DestroyJavaVM" [_thread_blocked, id=16648, stack(0x0000002281000000,0x0000002281100000)]
  0x0000016c11310000 JavaThread "Timer" daemon [_thread_blocked, id=8604, stack(0x0000002282800000,0x0000002282900000)]
  0x0000016c113cc000 JavaThread "LWJGL Timer" daemon [_thread_blocked, id=16360, stack(0x0000002282900000,0x0000002282a00000)]

Other Threads:
  0x0000016c7a2ec000 VMThread "VM Thread" [stack: 0x0000002281600000,0x0000002281700000] [id=14368]
  0x0000016c7b09e800 WatcherThread [stack: 0x0000002282200000,0x0000002282300000] [id=14816]
  0x0000016c6a799000 GCTaskThread "GC Thread#0" [stack: 0x0000002281100000,0x0000002281200000] [id=8640]
  0x0000016c7b4e0000 GCTaskThread "GC Thread#1" [stack: 0x0000002282a00000,0x0000002282b00000] [id=17872]
  0x0000016c7b29e000 GCTaskThread "GC Thread#2" [stack: 0x0000002282b00000,0x0000002282c00000] [id=15376]
  0x0000016c7b29f000 GCTaskThread "GC Thread#3" [stack: 0x0000002282c00000,0x0000002282d00000] [id=8488]
  0x0000016c6a7ca800 ConcurrentGCThread "G1 Main Marker" [stack: 0x0000002281200000,0x0000002281300000] [id=12088]
  0x0000016c6a7cc000 ConcurrentGCThread "G1 Conc#0" [stack: 0x0000002281300000,0x0000002281400000] [id=16528]
  0x0000016c7a154800 ConcurrentGCThread "G1 Refine#0" [stack: 0x0000002281400000,0x0000002281500000] [id=14448]
  0x0000016c7a155800 ConcurrentGCThread "G1 Young RemSet Sampling" [stack: 0x0000002281500000,0x0000002281600000] [id=9424]

Threads with active compile tasks:

VM state:not at safepoint (normal execution)

VM Mutex/Monitor currently owned by a thread: None

Heap address: 0x0000000082000000, size: 2016 MB, Compressed Oops mode: 32-bit
Narrow klass base: 0x0000000000000000, Narrow klass shift: 3
Compressed class space size: 1073741824 Address: 0x0000000100000000

Heap:
 garbage-first heap   total 129024K, used 3579K [0x0000000082000000, 0x0000000100000000)
  region size 1024K, 5 young (5120K), 3 survivors (3072K)
 Metaspace       used 11453K, capacity 11631K, committed 11776K, reserved 1060864K
  class space    used 946K, capacity 1009K, committed 1024K, reserved 1048576K
Heap Regions: E=young(eden), S=young(survivor), O=old, HS=humongous(starts), HC=humongous(continues), CS=collection set, F=free, A=archive, TAMS=top-at-mark-start (previous, next)
|   0|0x0000000082000000, 0x0000000082000000, 0x0000000082100000|  0%| F|  |TAMS 0x0000000082000000, 0x0000000082000000| Untracked 
|   1|0x0000000082100000, 0x0000000082100000, 0x0000000082200000|  0%| F|  |TAMS 0x0000000082100000, 0x0000000082100000| Untracked 
|   2|0x0000000082200000, 0x0000000082200000, 0x0000000082300000|  0%| F|  |TAMS 0x0000000082200000, 0x0000000082200000| Untracked 
|   3|0x0000000082300000, 0x0000000082300000, 0x0000000082400000|  0%| F|  |TAMS 0x0000000082300000, 0x0000000082300000| Untracked 
|   4|0x0000000082400000, 0x0000000082400000, 0x0000000082500000|  0%| F|  |TAMS 0x0000000082400000, 0x0000000082400000| Untracked 
|   5|0x0000000082500000, 0x0000000082500000, 0x0000000082600000|  0%| F|  |TAMS 0x0000000082500000, 0x0000000082500000| Untracked 
|   6|0x0000000082600000, 0x0000000082600000, 0x0000000082700000|  0%| F|  |TAMS 0x0000000082600000, 0x0000000082600000| Untracked 
|   7|0x0000000082700000, 0x0000000082700000, 0x0000000082800000|  0%| F|  |TAMS 0x0000000082700000, 0x0000000082700000| Untracked 
|   8|0x0000000082800000, 0x0000000082800000, 0x0000000082900000|  0%| F|  |TAMS 0x0000000082800000, 0x0000000082800000| Untracked 
|   9|0x0000000082900000, 0x0000000082900000, 0x0000000082a00000|  0%| F|  |TAMS 0x0000000082900000, 0x0000000082900000| Untracked 
|  10|0x0000000082a00000, 0x0000000082a00000, 0x0000000082b00000|  0%| F|  |TAMS 0x0000000082a00000, 0x0000000082a00000| Untracked 
|  11|0x0000000082b00000, 0x0000000082b00000, 0x0000000082c00000|  0%| F|  |TAMS 0x0000000082b00000, 0x0000000082b00000| Untracked 
|  12|0x0000000082c00000, 0x0000000082c00000, 0x0000000082d00000|  0%| F|  |TAMS 0x0000000082c00000, 0x0000000082c00000| Untracked 
|  13|0x0000000082d00000, 0x0000000082d00000, 0x0000000082e00000|  0%| F|  |TAMS 0x0000000082d00000, 0x0000000082d00000| Untracked 
|  14|0x0000000082e00000, 0x0000000082e00000, 0x0000000082f00000|  0%| F|  |TAMS 0x0000000082e00000, 0x0000000082e00000| Untracked 
|  15|0x0000000082f00000, 0x0000000082f00000, 0x0000000083000000|  0%| F|  |TAMS 0x0000000082f00000, 0x0000000082f00000| Untracked 
|  16|0x0000000083000000, 0x0000000083000000, 0x0000000083100000|  0%| F|  |TAMS 0x0000000083000000, 0x0000000083000000| Untracked 
|  17|0x0000000083100000, 0x0000000083100000, 0x0000000083200000|  0%| F|  |TAMS 0x0000000083100000, 0x0000000083100000| Untracked 
|  18|0x0000000083200000, 0x0000000083200000, 0x0000000083300000|  0%| F|  |TAMS 0x0000000083200000, 0x0000000083200000| Untracked 
|  19|0x0000000083300000, 0x0000000083300000, 0x0000000083400000|  0%| F|  |TAMS 0x0000000083300000, 0x0000000083300000| Untracked 
|  20|0x0000000083400000, 0x0000000083400000, 0x0000000083500000|  0%| F|  |TAMS 0x0000000083400000, 0x0000000083400000| Untracked 
|  21|0x0000000083500000, 0x0000000083500000, 0x0000000083600000|  0%| F|  |TAMS 0x0000000083500000, 0x0000000083500000| Untracked 
|  22|0x0000000083600000, 0x0000000083600000, 0x0000000083700000|  0%| F|  |TAMS 0x0000000083600000, 0x0000000083600000| Untracked 
|  23|0x0000000083700000, 0x0000000083700000, 0x0000000083800000|  0%| F|  |TAMS 0x0000000083700000, 0x0000000083700000| Untracked 
|  24|0x0000000083800000, 0x0000000083800000, 0x0000000083900000|  0%| F|  |TAMS 0x0000000083800000, 0x0000000083800000| Untracked 
|  25|0x0000000083900000, 0x0000000083900000, 0x0000000083a00000|  0%| F|  |TAMS 0x0000000083900000, 0x0000000083900000| Untracked 
|  26|0x0000000083a00000, 0x0000000083a00000, 0x0000000083b00000|  0%| F|  |TAMS 0x0000000083a00000, 0x0000000083a00000| Untracked 
|  27|0x0000000083b00000, 0x0000000083b00000, 0x0000000083c00000|  0%| F|  |TAMS 0x0000000083b00000, 0x0000000083b00000| Untracked 
|  28|0x0000000083c00000, 0x0000000083c00000, 0x0000000083d00000|  0%| F|  |TAMS 0x0000000083c00000, 0x0000000083c00000| Untracked 
|  29|0x0000000083d00000, 0x0000000083d00000, 0x0000000083e00000|  0%| F|  |TAMS 0x0000000083d00000, 0x0000000083d00000| Untracked 
|  30|0x0000000083e00000, 0x0000000083e00000, 0x0000000083f00000|  0%| F|  |TAMS 0x0000000083e00000, 0x0000000083e00000| Untracked 
|  31|0x0000000083f00000, 0x0000000083f00000, 0x0000000084000000|  0%| F|  |TAMS 0x0000000083f00000, 0x0000000083f00000| Untracked 
|  32|0x0000000084000000, 0x0000000084000000, 0x0000000084100000|  0%| F|  |TAMS 0x0000000084000000, 0x0000000084000000| Untracked 
|  33|0x0000000084100000, 0x0000000084100000, 0x0000000084200000|  0%| F|  |TAMS 0x0000000084100000, 0x0000000084100000| Untracked 
|  34|0x0000000084200000, 0x0000000084200000, 0x0000000084300000|  0%| F|  |TAMS 0x0000000084200000, 0x0000000084200000| Untracked 
|  35|0x0000000084300000, 0x0000000084300000, 0x0000000084400000|  0%| F|  |TAMS 0x0000000084300000, 0x0000000084300000| Untracked 
|  36|0x0000000084400000, 0x0000000084400000, 0x0000000084500000|  0%| F|  |TAMS 0x0000000084400000, 0x0000000084400000| Untracked 
|  37|0x0000000084500000, 0x0000000084500000, 0x0000000084600000|  0%| F|  |TAMS 0x0000000084500000, 0x0000000084500000| Untracked 
|  38|0x0000000084600000, 0x0000000084600000, 0x0000000084700000|  0%| F|  |TAMS 0x0000000084600000, 0x0000000084600000| Untracked 
|  39|0x0000000084700000, 0x0000000084700000, 0x0000000084800000|  0%| F|  |TAMS 0x0000000084700000, 0x0000000084700000| Untracked 
|  40|0x0000000084800000, 0x0000000084800000, 0x0000000084900000|  0%| F|  |TAMS 0x0000000084800000, 0x0000000084800000| Untracked 
|  41|0x0000000084900000, 0x0000000084900000, 0x0000000084a00000|  0%| F|  |TAMS 0x0000000084900000, 0x0000000084900000| Untracked 
|  42|0x0000000084a00000, 0x0000000084a00000, 0x0000000084b00000|  0%| F|  |TAMS 0x0000000084a00000, 0x0000000084a00000| Untracked 
|  43|0x0000000084b00000, 0x0000000084b00000, 0x0000000084c00000|  0%| F|  |TAMS 0x0000000084b00000, 0x0000000084b00000| Untracked 
|  44|0x0000000084c00000, 0x0000000084c00000, 0x0000000084d00000|  0%| F|  |TAMS 0x0000000084c00000, 0x0000000084c00000| Untracked 
|  45|0x0000000084d00000, 0x0000000084d00000, 0x0000000084e00000|  0%| F|  |TAMS 0x0000000084d00000, 0x0000000084d00000| Untracked 
|  46|0x0000000084e00000, 0x0000000084e00000, 0x0000000084f00000|  0%| F|  |TAMS 0x0000000084e00000, 0x0000000084e00000| Untracked 
|  47|0x0000000084f00000, 0x0000000084f00000, 0x0000000085000000|  0%| F|  |TAMS 0x0000000084f00000, 0x0000000084f00000| Untracked 
|  48|0x0000000085000000, 0x0000000085000000, 0x0000000085100000|  0%| F|  |TAMS 0x0000000085000000, 0x0000000085000000| Untracked 
|  49|0x0000000085100000, 0x0000000085100000, 0x0000000085200000|  0%| F|  |TAMS 0x0000000085100000, 0x0000000085100000| Untracked 
|  50|0x0000000085200000, 0x0000000085200000, 0x0000000085300000|  0%| F|  |TAMS 0x0000000085200000, 0x0000000085200000| Untracked 
|  51|0x0000000085300000, 0x0000000085300000, 0x0000000085400000|  0%| F|  |TAMS 0x0000000085300000, 0x0000000085300000| Untracked 
|  52|0x0000000085400000, 0x0000000085400000, 0x0000000085500000|  0%| F|  |TAMS 0x0000000085400000, 0x0000000085400000| Untracked 
|  53|0x0000000085500000, 0x0000000085500000, 0x0000000085600000|  0%| F|  |TAMS 0x0000000085500000, 0x0000000085500000| Untracked 
|  54|0x0000000085600000, 0x0000000085600000, 0x0000000085700000|  0%| F|  |TAMS 0x0000000085600000, 0x0000000085600000| Untracked 
|  55|0x0000000085700000, 0x0000000085700000, 0x0000000085800000|  0%| F|  |TAMS 0x0000000085700000, 0x0000000085700000| Untracked 
|  56|0x0000000085800000, 0x0000000085800000, 0x0000000085900000|  0%| F|  |TAMS 0x0000000085800000, 0x0000000085800000| Untracked 
|  57|0x0000000085900000, 0x0000000085900000, 0x0000000085a00000|  0%| F|  |TAMS 0x0000000085900000, 0x0000000085900000| Untracked 
|  58|0x0000000085a00000, 0x0000000085a00000, 0x0000000085b00000|  0%| F|  |TAMS 0x0000000085a00000, 0x0000000085a00000| Untracked 
|  59|0x0000000085b00000, 0x0000000085b00000, 0x0000000085c00000|  0%| F|  |TAMS 0x0000000085b00000, 0x0000000085b00000| Untracked 
|  60|0x0000000085c00000, 0x0000000085c00000, 0x0000000085d00000|  0%| F|  |TAMS 0x0000000085c00000, 0x0000000085c00000| Untracked 
|  61|0x0000000085d00000, 0x0000000085d00000, 0x0000000085e00000|  0%| F|  |TAMS 0x0000000085d00000, 0x0000000085d00000| Untracked 
|  62|0x0000000085e00000, 0x0000000085e00000, 0x0000000085f00000|  0%| F|  |TAMS 0x0000000085e00000, 0x0000000085e00000| Untracked 
|  63|0x0000000085f00000, 0x0000000085f00000, 0x0000000086000000|  0%| F|  |TAMS 0x0000000085f00000, 0x0000000085f00000| Untracked 
|  64|0x0000000086000000, 0x0000000086000000, 0x0000000086100000|  0%| F|  |TAMS 0x0000000086000000, 0x0000000086000000| Untracked 
|  65|0x0000000086100000, 0x0000000086100000, 0x0000000086200000|  0%| F|  |TAMS 0x0000000086100000, 0x0000000086100000| Untracked 
|  66|0x0000000086200000, 0x0000000086200000, 0x0000000086300000|  0%| F|  |TAMS 0x0000000086200000, 0x0000000086200000| Untracked 
|  67|0x0000000086300000, 0x0000000086300000, 0x0000000086400000|  0%| F|  |TAMS 0x0000000086300000, 0x0000000086300000| Untracked 
|  68|0x0000000086400000, 0x0000000086400000, 0x0000000086500000|  0%| F|  |TAMS 0x0000000086400000, 0x0000000086400000| Untracked 
|  69|0x0000000086500000, 0x0000000086500000, 0x0000000086600000|  0%| F|  |TAMS 0x0000000086500000, 0x0000000086500000| Untracked 
|  70|0x0000000086600000, 0x0000000086600000, 0x0000000086700000|  0%| F|  |TAMS 0x0000000086600000, 0x0000000086600000| Untracked 
|  71|0x0000000086700000, 0x0000000086700000, 0x0000000086800000|  0%| F|  |TAMS 0x0000000086700000, 0x0000000086700000| Untracked 
|  72|0x0000000086800000, 0x0000000086800000, 0x0000000086900000|  0%| F|  |TAMS 0x0000000086800000, 0x0000000086800000| Untracked 
|  73|0x0000000086900000, 0x0000000086900000, 0x0000000086a00000|  0%| F|  |TAMS 0x0000000086900000, 0x0000000086900000| Untracked 
|  74|0x0000000086a00000, 0x0000000086a00000, 0x0000000086b00000|  0%| F|  |TAMS 0x0000000086a00000, 0x0000000086a00000| Untracked 
|  75|0x0000000086b00000, 0x0000000086b00000, 0x0000000086c00000|  0%| F|  |TAMS 0x0000000086b00000, 0x0000000086b00000| Untracked 
|  76|0x0000000086c00000, 0x0000000086c00000, 0x0000000086d00000|  0%| F|  |TAMS 0x0000000086c00000, 0x0000000086c00000| Untracked 
|  77|0x0000000086d00000, 0x0000000086d00000, 0x0000000086e00000|  0%| F|  |TAMS 0x0000000086d00000, 0x0000000086d00000| Untracked 
|  78|0x0000000086e00000, 0x0000000086e00000, 0x0000000086f00000|  0%| F|  |TAMS 0x0000000086e00000, 0x0000000086e00000| Untracked 
|  79|0x0000000086f00000, 0x0000000086f00000, 0x0000000087000000|  0%| F|  |TAMS 0x0000000086f00000, 0x0000000086f00000| Untracked 
|  80|0x0000000087000000, 0x0000000087000000, 0x0000000087100000|  0%| F|  |TAMS 0x0000000087000000, 0x0000000087000000| Untracked 
|  81|0x0000000087100000, 0x0000000087100000, 0x0000000087200000|  0%| F|  |TAMS 0x0000000087100000, 0x0000000087100000| Untracked 
|  82|0x0000000087200000, 0x0000000087200000, 0x0000000087300000|  0%| F|  |TAMS 0x0000000087200000, 0x0000000087200000| Untracked 
|  83|0x0000000087300000, 0x0000000087300000, 0x0000000087400000|  0%| F|  |TAMS 0x0000000087300000, 0x0000000087300000| Untracked 
|  84|0x0000000087400000, 0x0000000087400000, 0x0000000087500000|  0%| F|  |TAMS 0x0000000087400000, 0x0000000087400000| Untracked 
|  85|0x0000000087500000, 0x0000000087500000, 0x0000000087600000|  0%| F|  |TAMS 0x0000000087500000, 0x0000000087500000| Untracked 
|  86|0x0000000087600000, 0x0000000087600000, 0x0000000087700000|  0%| F|  |TAMS 0x0000000087600000, 0x0000000087600000| Untracked 
|  87|0x0000000087700000, 0x0000000087700000, 0x0000000087800000|  0%| F|  |TAMS 0x0000000087700000, 0x0000000087700000| Untracked 
|  88|0x0000000087800000, 0x0000000087800000, 0x0000000087900000|  0%| F|  |TAMS 0x0000000087800000, 0x0000000087800000| Untracked 
|  89|0x0000000087900000, 0x0000000087900000, 0x0000000087a00000|  0%| F|  |TAMS 0x0000000087900000, 0x0000000087900000| Untracked 
|  90|0x0000000087a00000, 0x0000000087a00000, 0x0000000087b00000|  0%| F|  |TAMS 0x0000000087a00000, 0x0000000087a00000| Untracked 
|  91|0x0000000087b00000, 0x0000000087b00000, 0x0000000087c00000|  0%| F|  |TAMS 0x0000000087b00000, 0x0000000087b00000| Untracked 
|  92|0x0000000087c00000, 0x0000000087c00000, 0x0000000087d00000|  0%| F|  |TAMS 0x0000000087c00000, 0x0000000087c00000| Untracked 
|  93|0x0000000087d00000, 0x0000000087d00000, 0x0000000087e00000|  0%| F|  |TAMS 0x0000000087d00000, 0x0000000087d00000| Untracked 
|  94|0x0000000087e00000, 0x0000000087e00000, 0x0000000087f00000|  0%| F|  |TAMS 0x0000000087e00000, 0x0000000087e00000| Untracked 
|  95|0x0000000087f00000, 0x0000000087f00000, 0x0000000088000000|  0%| F|  |TAMS 0x0000000087f00000, 0x0000000087f00000| Untracked 
|  96|0x0000000088000000, 0x0000000088000000, 0x0000000088100000|  0%| F|  |TAMS 0x0000000088000000, 0x0000000088000000| Untracked 
|  97|0x0000000088100000, 0x0000000088100000, 0x0000000088200000|  0%| F|  |TAMS 0x0000000088100000, 0x0000000088100000| Untracked 
|  98|0x0000000088200000, 0x0000000088200000, 0x0000000088300000|  0%| F|  |TAMS 0x0000000088200000, 0x0000000088200000| Untracked 
|  99|0x0000000088300000, 0x000000008837eca8, 0x0000000088400000| 49%| S|CS|TAMS 0x0000000088300000, 0x0000000088300000| Complete 
| 100|0x0000000088400000, 0x0000000088500000, 0x0000000088500000|100%| S|CS|TAMS 0x0000000088400000, 0x0000000088400000| Complete 
| 101|0x0000000088500000, 0x0000000088600000, 0x0000000088600000|100%| S|CS|TAMS 0x0000000088500000, 0x0000000088500000| Complete 
| 102|0x0000000088600000, 0x0000000088600000, 0x0000000088700000|  0%| F|  |TAMS 0x0000000088600000, 0x0000000088600000| Untracked 
| 103|0x0000000088700000, 0x0000000088700000, 0x0000000088800000|  0%| F|  |TAMS 0x0000000088700000, 0x0000000088700000| Untracked 
| 104|0x0000000088800000, 0x0000000088800000, 0x0000000088900000|  0%| F|  |TAMS 0x0000000088800000, 0x0000000088800000| Untracked 
| 105|0x0000000088900000, 0x0000000088900000, 0x0000000088a00000|  0%| F|  |TAMS 0x0000000088900000, 0x0000000088900000| Untracked 
| 106|0x0000000088a00000, 0x0000000088a00000, 0x0000000088b00000|  0%| F|  |TAMS 0x0000000088a00000, 0x0000000088a00000| Untracked 
| 107|0x0000000088b00000, 0x0000000088b00000, 0x0000000088c00000|  0%| F|  |TAMS 0x0000000088b00000, 0x0000000088b00000| Untracked 
| 108|0x0000000088c00000, 0x0000000088c00000, 0x0000000088d00000|  0%| F|  |TAMS 0x0000000088c00000, 0x0000000088c00000| Untracked 
| 109|0x0000000088d00000, 0x0000000088d00000, 0x0000000088e00000|  0%| F|  |TAMS 0x0000000088d00000, 0x0000000088d00000| Untracked 
| 110|0x0000000088e00000, 0x0000000088e00000, 0x0000000088f00000|  0%| F|  |TAMS 0x0000000088e00000, 0x0000000088e00000| Untracked 
| 111|0x0000000088f00000, 0x0000000088f00000, 0x0000000089000000|  0%| F|  |TAMS 0x0000000088f00000, 0x0000000088f00000| Untracked 
| 112|0x0000000089000000, 0x0000000089000000, 0x0000000089100000|  0%| F|  |TAMS 0x0000000089000000, 0x0000000089000000| Untracked 
| 113|0x0000000089100000, 0x0000000089100000, 0x0000000089200000|  0%| F|  |TAMS 0x0000000089100000, 0x0000000089100000| Untracked 
| 114|0x0000000089200000, 0x0000000089200000, 0x0000000089300000|  0%| F|  |TAMS 0x0000000089200000, 0x0000000089200000| Untracked 
| 115|0x0000000089300000, 0x0000000089300000, 0x0000000089400000|  0%| F|  |TAMS 0x0000000089300000, 0x0000000089300000| Untracked 
| 116|0x0000000089400000, 0x0000000089400000, 0x0000000089500000|  0%| F|  |TAMS 0x0000000089400000, 0x0000000089400000| Untracked 
| 117|0x0000000089500000, 0x0000000089500000, 0x0000000089600000|  0%| F|  |TAMS 0x0000000089500000, 0x0000000089500000| Untracked 
| 118|0x0000000089600000, 0x0000000089600000, 0x0000000089700000|  0%| F|  |TAMS 0x0000000089600000, 0x0000000089600000| Untracked 
| 119|0x0000000089700000, 0x0000000089700000, 0x0000000089800000|  0%| F|  |TAMS 0x0000000089700000, 0x0000000089700000| Untracked 
| 120|0x0000000089800000, 0x0000000089800000, 0x0000000089900000|  0%| F|  |TAMS 0x0000000089800000, 0x0000000089800000| Untracked 
| 121|0x0000000089900000, 0x0000000089900000, 0x0000000089a00000|  0%| F|  |TAMS 0x0000000089900000, 0x0000000089900000| Untracked 
| 122|0x0000000089a00000, 0x0000000089a00000, 0x0000000089b00000|  0%| F|  |TAMS 0x0000000089a00000, 0x0000000089a00000| Untracked 
| 123|0x0000000089b00000, 0x0000000089b00000, 0x0000000089c00000|  0%| F|  |TAMS 0x0000000089b00000, 0x0000000089b00000| Untracked 
| 124|0x0000000089c00000, 0x0000000089d00000, 0x0000000089d00000|100%| E|  |TAMS 0x0000000089c00000, 0x0000000089c00000| Complete 
| 125|0x0000000089d00000, 0x0000000089e00000, 0x0000000089e00000|100%| E|CS|TAMS 0x0000000089d00000, 0x0000000089d00000| Complete 

Card table byte_map: [0x0000016c731c0000,0x0000016c735b0000] _byte_map_base: 0x0000016c72db0000

Marking Bits (Prev, Next): (CMBitMap*) 0x0000016c6a7c1b28, (CMBitMap*) 0x0000016c6a7c1b60
 Prev Bits: [0x0000016c739a0000, 0x0000016c75920000)
 Next Bits: [0x0000016c75920000, 0x0000016c778a0000)

Polling page: 0x0000016c69ef0000

Metaspace:

Usage:
  Non-class:     10.37 MB capacity,    10.26 MB ( 99%) used,   104.46 KB ( <1%) free+waste,    10.13 KB ( <1%) overhead. 
      Class:   1009.00 KB capacity,   946.03 KB ( 94%) used,    59.28 KB (  6%) free+waste,     3.69 KB ( <1%) overhead. 
       Both:     11.36 MB capacity,    11.19 MB ( 98%) used,   163.74 KB (  1%) free+waste,    13.81 KB ( <1%) overhead. 

Virtual space:
  Non-class space:       12.00 MB reserved,      10.50 MB ( 88%) committed 
      Class space:        1.00 GB reserved,       1.00 MB ( <1%) committed 
             Both:        1.01 GB reserved,      11.50 MB (  1%) committed 

Chunk freelists:
   Non-Class:  16.25 KB
       Class:  1.88 KB
        Both:  18.13 KB

CodeHeap 'non-profiled nmethods': size=120000Kb used=322Kb max_used=322Kb free=119677Kb
 bounds [0x0000016c07ad0000, 0x0000016c07d40000, 0x0000016c0f000000]
CodeHeap 'profiled nmethods': size=120000Kb used=1777Kb max_used=1777Kb free=118223Kb
 bounds [0x0000016c005a0000, 0x0000016c00810000, 0x0000016c07ad0000]
CodeHeap 'non-nmethods': size=5760Kb used=1160Kb max_used=1175Kb free=4599Kb
 bounds [0x0000016c00000000, 0x0000016c00270000, 0x0000016c005a0000]
 total_blobs=1706 nmethods=976 adapters=423
 compilation: enabled
              stopped_count=0, restarted_count=0
 full_count=0

Compilation events (10 events):
Event: 8.290 Thread 0x0000016c7ac95000  970       3       java.nio.DirectByteBuffer$Deallocator::run (37 bytes)
Event: 8.290 Thread 0x0000016c7ac95000 nmethod 970 0x0000016c0075b510 code [0x0000016c0075b720, 0x0000016c0075bb70]
Event: 8.340 Thread 0x0000016c7ac8b800  973       4       java.io.File::getName (42 bytes)
Event: 8.348 Thread 0x0000016c7ac8b800 nmethod 973 0x0000016c07b1fa90 code [0x0000016c07b1fc40, 0x0000016c07b20218]
Event: 8.550 Thread 0x0000016c7ac8b800  974       4       java.nio.MappedByteBuffer::limit (6 bytes)
Event: 8.551 Thread 0x0000016c7ac8b800 nmethod 974 0x0000016c07b20510 code [0x0000016c07b206a0, 0x0000016c07b20798]
Event: 8.620 Thread 0x0000016c7ac95000  975       3       java.nio.HeapByteBuffer::byteOffset (7 bytes)
Event: 8.620 Thread 0x0000016c7ac95000 nmethod 975 0x0000016c0075bd10 code [0x0000016c0075bec0, 0x0000016c0075c018]
Event: 8.620 Thread 0x0000016c7ac95000  976       3       jdk.internal.misc.Unsafe::pickPos (14 bytes)
Event: 8.620 Thread 0x0000016c7ac95000 nmethod 976 0x0000016c0075c090 code [0x0000016c0075c240, 0x0000016c0075c398]

GC Heap History (2 events):
Event: 8.285 GC heap before
{Heap before GC invocations=0 (full 0):
 garbage-first heap   total 129024K, used 24576K [0x0000000082000000, 0x0000000100000000)
  region size 1024K, 24 young (24576K), 0 survivors (0K)
 Metaspace       used 11443K, capacity 11631K, committed 11776K, reserved 1060864K
  class space    used 945K, capacity 1009K, committed 1024K, reserved 1048576K
}
Event: 8.288 GC heap after
{Heap after GC invocations=1 (full 0):
 garbage-first heap   total 129024K, used 2555K [0x0000000082000000, 0x0000000100000000)
  region size 1024K, 3 young (3072K), 3 survivors (3072K)
 Metaspace       used 11443K, capacity 11631K, committed 11776K, reserved 1060864K
  class space    used 945K, capacity 1009K, committed 1024K, reserved 1048576K
}

Deoptimization events (8 events):
Event: 0.226 Thread 0x0000016c6a77f800 Uncommon trap: reason=unstable_if action=reinterpret pc=0x0000016c07ae4280 method=java.io.WinNTFileSystem.isSlash(C)Z @ 9 c2
Event: 0.244 Thread 0x0000016c6a77f800 Uncommon trap: reason=class_check action=maybe_recompile pc=0x0000016c07ade30c method=java.util.HashMap.putVal(ILjava/lang/Object;Ljava/lang/Object;ZZ)Ljava/lang/Object; @ 253 c2
Event: 0.244 Thread 0x0000016c6a77f800 Uncommon trap: reason=class_check action=maybe_recompile pc=0x0000016c07ade30c method=java.util.HashMap.putVal(ILjava/lang/Object;Ljava/lang/Object;ZZ)Ljava/lang/Object; @ 253 c2
Event: 0.244 Thread 0x0000016c6a77f800 Uncommon trap: reason=class_check action=maybe_recompile pc=0x0000016c07ade30c method=java.util.HashMap.putVal(ILjava/lang/Object;Ljava/lang/Object;ZZ)Ljava/lang/Object; @ 253 c2
Event: 0.244 Thread 0x0000016c6a77f800 Uncommon trap: reason=class_check action=maybe_recompile pc=0x0000016c07ade30c method=java.util.HashMap.putVal(ILjava/lang/Object;Ljava/lang/Object;ZZ)Ljava/lang/Object; @ 253 c2
Event: 0.738 Thread 0x0000016c7b253800 Uncommon trap: reason=unstable_if action=reinterpret pc=0x0000016c07aed984 method=java.util.HashMap.putVal(ILjava/lang/Object;Ljava/lang/Object;ZZ)Ljava/lang/Object; @ 81 c2
Event: 1.009 Thread 0x0000016c7a32e000 Uncommon trap: reason=unstable_if action=reinterpret pc=0x0000016c07ad1c10 method=java.lang.String.isLatin1()Z @ 10 c2
Event: 1.044 Thread 0x0000016c7a32e000 Uncommon trap: reason=unstable_if action=reinterpret pc=0x0000016c07af59ac method=java.lang.String.startsWith(Ljava/lang/String;I)Z @ 14 c2

Classes redefined (0 events):
No events

Internal exceptions (8 events):
Event: 0.247 Thread 0x0000016c6a77f800 Exception <a 'java/lang/NoSuchMethodError'{0x00000000899a8fc8}: java.lang.invoke.DirectMethodHandle$Holder.invokeStaticInit(Ljava/lang/Object;IIII)Ljava/lang/Object;> (0x00000000899a8fc8) thrown at [t:/workspace/open/src/hotspot/share/interpreter/linkReso
Event: 0.444 Thread 0x0000016c6a77f800 Exception <a 'java/lang/NoSuchMethodError'{0x00000000899d6880}: java.lang.invoke.DirectMethodHandle$Holder.invokeStaticInit(Ljava/lang/Object;Ljava/lang/Object;IIII)Ljava/lang/Object;> (0x00000000899d6880) thrown at [t:/workspace/open/src/hotspot/share/in
Event: 0.483 Thread 0x0000016c6a77f800 Exception <a 'java/security/PrivilegedActionException'{0x0000000089865648}> (0x0000000089865648) thrown at [t:/workspace/open/src/hotspot/share/prims/jvm.cpp, line 1307]
Event: 0.484 Thread 0x0000016c6a77f800 Exception <a 'java/security/PrivilegedActionException'{0x0000000089868060}> (0x0000000089868060) thrown at [t:/workspace/open/src/hotspot/share/prims/jvm.cpp, line 1307]
Event: 0.484 Thread 0x0000016c6a77f800 Exception <a 'java/security/PrivilegedActionException'{0x0000000089869100}> (0x0000000089869100) thrown at [t:/workspace/open/src/hotspot/share/prims/jvm.cpp, line 1307]
Event: 0.486 Thread 0x0000016c6a77f800 Exception <a 'java/security/PrivilegedActionException'{0x000000008987a350}> (0x000000008987a350) thrown at [t:/workspace/open/src/hotspot/share/prims/jvm.cpp, line 1307]
Event: 0.486 Thread 0x0000016c6a77f800 Exception <a 'java/security/PrivilegedActionException'{0x000000008987af10}> (0x000000008987af10) thrown at [t:/workspace/open/src/hotspot/share/prims/jvm.cpp, line 1307]
Event: 0.486 Thread 0x0000016c6a77f800 Exception <a 'java/security/PrivilegedActionException'{0x000000008987bce0}> (0x000000008987bce0) thrown at [t:/workspace/open/src/hotspot/share/prims/jvm.cpp, line 1307]

Events (10 events):
Event: 5.863 Executing VM operation: RevokeBias
Event: 5.863 Executing VM operation: RevokeBias done
Event: 5.863 loading class com/mygdx/game/screens/MenuScreen
Event: 5.863 loading class com/mygdx/game/screens/MenuScreen done
Event: 6.401 Thread 0x0000016c11310000 DEOPT PACKING pc=0x0000016c006bcc0a sp=0x00000022828ff020
Event: 6.401 Thread 0x0000016c11310000 DEOPT UNPACKING pc=0x0000016c00028d4e sp=0x00000022828fe550 mode 0
Event: 8.285 Executing VM operation: G1CollectForAllocation
Event: 8.288 Executing VM operation: G1CollectForAllocation done
Event: 8.620 loading class com/mygdx/game/screens/GameActive
Event: 8.620 loading class com/mygdx/game/screens/GameActive done


Dynamic libraries:
0x00007ff6c17c0000 - 0x00007ff6c1805000 	C:\Program Files\Java\jdk-11.0.2\bin\java.exe
0x00007ffa1d2b0000 - 0x00007ffa1d491000 	C:\WINDOWS\SYSTEM32\ntdll.dll
0x00007ff9f0060000 - 0x00007ff9f0072000 	C:\Program Files\AVAST Software\Avast\aswhook.dll
0x00007ffa1b340000 - 0x00007ffa1b3f2000 	C:\WINDOWS\System32\KERNEL32.DLL
0x00007ffa19a90000 - 0x00007ffa19d03000 	C:\WINDOWS\System32\KERNELBASE.dll
0x00007ffa1b180000 - 0x00007ffa1b310000 	C:\WINDOWS\System32\USER32.dll
0x00007ffa198c0000 - 0x00007ffa198e0000 	C:\WINDOWS\System32\win32u.dll
0x00007ffa1cd90000 - 0x00007ffa1cdb8000 	C:\WINDOWS\System32\GDI32.dll
0x00007ffa19680000 - 0x00007ffa19812000 	C:\WINDOWS\System32\gdi32full.dll
0x00007ffa19820000 - 0x00007ffa198bf000 	C:\WINDOWS\System32\msvcp_win.dll
0x00007ffa19930000 - 0x00007ffa19a2a000 	C:\WINDOWS\System32\ucrtbase.dll
0x00007ffa0a8e0000 - 0x00007ffa0ab49000 	C:\WINDOWS\WinSxS\amd64_microsoft.windows.common-controls_6595b64144ccf1df_6.0.17134.48_none_b4b2216a3cb4dd3e\COMCTL32.dll
0x00007ffa1b810000 - 0x00007ffa1b8ae000 	C:\WINDOWS\System32\msvcrt.dll
0x00007ffa1a750000 - 0x00007ffa1aa73000 	C:\WINDOWS\System32\combase.dll
0x00007ffa1b050000 - 0x00007ffa1b174000 	C:\WINDOWS\System32\RPCRT4.dll
0x00007ffa1a610000 - 0x00007ffa1a68a000 	C:\WINDOWS\System32\bcryptPrimitives.dll
0x00007ffa1b310000 - 0x00007ffa1b33d000 	C:\WINDOWS\System32\IMM32.DLL
0x00007ffa09310000 - 0x00007ffa09326000 	C:\Program Files\Java\jdk-11.0.2\bin\vcruntime140.dll
0x00007ffa09220000 - 0x00007ffa092ca000 	C:\Program Files\Java\jdk-11.0.2\bin\msvcp140.dll
0x00007ff9d35e0000 - 0x00007ff9d4103000 	C:\Program Files\Java\jdk-11.0.2\bin\server\jvm.dll
0x00007ffa1d1d0000 - 0x00007ffa1d271000 	C:\WINDOWS\System32\ADVAPI32.dll
0x00007ffa1b400000 - 0x00007ffa1b45b000 	C:\WINDOWS\System32\sechost.dll
0x00007ffa1d020000 - 0x00007ffa1d028000 	C:\WINDOWS\System32\PSAPI.DLL
0x00007ffa07180000 - 0x00007ffa07189000 	C:\WINDOWS\SYSTEM32\WSOCK32.dll
0x00007ffa1d160000 - 0x00007ffa1d1cc000 	C:\WINDOWS\System32\WS2_32.dll
0x00007ffa158e0000 - 0x00007ffa15903000 	C:\WINDOWS\SYSTEM32\WINMM.dll
0x00007ffa0eef0000 - 0x00007ffa0eefa000 	C:\WINDOWS\SYSTEM32\VERSION.dll
0x00007ffa158b0000 - 0x00007ffa158da000 	C:\WINDOWS\SYSTEM32\WINMMBASE.dll
0x00007ffa198e0000 - 0x00007ffa19929000 	C:\WINDOWS\System32\cfgmgr32.dll
0x00007ffa19660000 - 0x00007ffa19671000 	C:\WINDOWS\System32\kernel.appcore.dll
0x00007ffa08eb0000 - 0x00007ffa08ec1000 	C:\Program Files\Java\jdk-11.0.2\bin\verify.dll
0x00007ffa18000000 - 0x00007ffa181c9000 	C:\WINDOWS\SYSTEM32\DBGHELP.DLL
0x00007ffa056d0000 - 0x00007ffa056f9000 	C:\WINDOWS\SYSTEM32\dbgcore.DLL
0x00007ffa075a0000 - 0x00007ffa075c8000 	C:\Program Files\Java\jdk-11.0.2\bin\java.dll
0x00007ffa07550000 - 0x00007ffa0757f000 	C:\Program Files\Java\jdk-11.0.2\bin\instrument.dll
0x00007ffa07580000 - 0x00007ffa07596000 	C:\Program Files\Java\jdk-11.0.2\bin\zip.dll
0x00007ffa14430000 - 0x00007ffa1443a000 	C:\Program Files\Java\jdk-11.0.2\bin\jimage.dll
0x00007ffa1b8b0000 - 0x00007ffa1ccf0000 	C:\WINDOWS\System32\SHELL32.dll
0x00007ffa1d030000 - 0x00007ffa1d0d9000 	C:\WINDOWS\System32\shcore.dll
0x00007ffa19f00000 - 0x00007ffa1a60d000 	C:\WINDOWS\System32\windows.storage.dll
0x00007ffa1cf60000 - 0x00007ffa1cfb1000 	C:\WINDOWS\System32\shlwapi.dll
0x00007ffa195f0000 - 0x00007ffa1960f000 	C:\WINDOWS\System32\profapi.dll
0x00007ffa19610000 - 0x00007ffa1965c000 	C:\WINDOWS\System32\powrprof.dll
0x00007ffa195e0000 - 0x00007ffa195ea000 	C:\WINDOWS\System32\FLTLIB.DLL
0x00007ffa04120000 - 0x00007ffa04139000 	C:\Program Files\Java\jdk-11.0.2\bin\net.dll
0x00007ffa0d810000 - 0x00007ffa0d8ed000 	C:\WINDOWS\SYSTEM32\WINHTTP.dll
0x00007ffa0e230000 - 0x00007ffa0e3fc000 	C:\WINDOWS\SYSTEM32\urlmon.dll
0x00007ffa0def0000 - 0x00007ffa0e192000 	C:\WINDOWS\SYSTEM32\iertutil.dll
0x00007ffa18ff0000 - 0x00007ffa18ffb000 	C:\WINDOWS\SYSTEM32\CRYPTBASE.DLL
0x00007ffa18e40000 - 0x00007ffa18ea6000 	C:\WINDOWS\system32\mswsock.dll
0x00007ffa04100000 - 0x00007ffa04113000 	C:\Program Files\Java\jdk-11.0.2\bin\nio.dll
0x00007ffa040e0000 - 0x00007ffa040fa000 	C:\Program Files\JetBrains\IntelliJ IDEA Community Edition 2018.3.5\bin\breakgen64.dll
0x0000000065ac0000 - 0x0000000065b26000 	C:\Users\Admin\AppData\Local\Temp\libgdxAdmin\689f6d6a\gdx64.dll
0x00007ffa19000000 - 0x00007ffa19017000 	C:\WINDOWS\SYSTEM32\CRYPTSP.dll
0x00007ffa18a20000 - 0x00007ffa18a53000 	C:\WINDOWS\system32\rsaenh.dll
0x00007ffa19120000 - 0x00007ffa19145000 	C:\WINDOWS\SYSTEM32\bcrypt.dll
0x00007ffa194f0000 - 0x00007ffa19518000 	C:\WINDOWS\SYSTEM32\USERENV.dll
0x00007ffa18bc0000 - 0x00007ffa18bf8000 	C:\WINDOWS\SYSTEM32\IPHLPAPI.DLL
0x00007ffa1abd0000 - 0x00007ffa1abd8000 	C:\WINDOWS\System32\NSI.dll
0x00007ffa100e0000 - 0x00007ffa100f6000 	C:\WINDOWS\SYSTEM32\dhcpcsvc6.DLL
0x00007ffa10150000 - 0x00007ffa1016a000 	C:\WINDOWS\SYSTEM32\dhcpcsvc.DLL
0x0000000180000000 - 0x0000000180053000 	C:\Users\Admin\AppData\Local\Temp\libgdxAdmin\dc0f0009\lwjgl64.dll
0x00007ffa00150000 - 0x00007ffa00270000 	C:\WINDOWS\SYSTEM32\OPENGL32.dll
0x00007ff9ffe40000 - 0x00007ff9ffe6c000 	C:\WINDOWS\SYSTEM32\GLU32.dll
0x0000016c7bd30000 - 0x0000016c7bd94000 	C:\Users\Admin\AppData\Local\Temp\libgdxAdmin\dc0f0009\OpenAL64.dll
0x00007ffa1b460000 - 0x00007ffa1b5b1000 	C:\WINDOWS\System32\ole32.dll
0x00007ffa17470000 - 0x00007ffa17508000 	C:\WINDOWS\system32\uxtheme.dll
0x00007ffa1ccf0000 - 0x00007ffa1cd90000 	C:\WINDOWS\System32\clbcatq.dll
0x00007ffa17830000 - 0x00007ffa179e4000 	C:\WINDOWS\System32\PROPSYS.dll
0x00007ffa1b5c0000 - 0x00007ffa1b682000 	C:\WINDOWS\System32\OLEAUT32.dll
0x00007ff9ed5d0000 - 0x00007ff9ed65f000 	C:\WINDOWS\SYSTEM32\dsound.dll
0x00007ffa0e400000 - 0x00007ffa0e476000 	C:\WINDOWS\System32\MMDevApi.dll
0x00007ffa193d0000 - 0x00007ffa193f7000 	C:\WINDOWS\System32\DEVOBJ.dll
0x00007ffa0ae90000 - 0x00007ffa0afbc000 	C:\WINDOWS\SYSTEM32\AUDIOSES.DLL
0x00007ffa15000000 - 0x00007ffa1514d000 	C:\WINDOWS\SYSTEM32\wintypes.dll
0x00007ffa149d0000 - 0x00007ffa149da000 	C:\WINDOWS\SYSTEM32\AVRT.dll
0x00007ffa1b690000 - 0x00007ffa1b805000 	C:\WINDOWS\System32\MSCTF.dll
0x00007ffa176c0000 - 0x00007ffa176e9000 	C:\WINDOWS\system32\dwmapi.dll
0x00007ff9d0ac0000 - 0x00007ff9d1810000 	C:\WINDOWS\System32\DriverStore\FileRepository\ki120165.inf_amd64_3b2006f0a82a4c14\ig9icd64.dll
0x00007ffa181d0000 - 0x00007ffa181e3000 	C:\WINDOWS\SYSTEM32\WTSAPI32.dll
0x00007ffa05060000 - 0x00007ffa050f8000 	C:\WINDOWS\System32\TextInputFramework.dll
0x00007ffa13950000 - 0x00007ffa13c6e000 	C:\WINDOWS\System32\CoreUIComponents.dll
0x00007ffa16bc0000 - 0x00007ffa16c9a000 	C:\WINDOWS\System32\CoreMessaging.dll
0x00007ffa186b0000 - 0x00007ffa186e1000 	C:\WINDOWS\SYSTEM32\ntmarta.dll
0x00007ffa0c1b0000 - 0x00007ffa0c258000 	C:\WINDOWS\SYSTEM32\mscms.dll
0x00007ffa159c0000 - 0x00007ffa159d0000 	C:\WINDOWS\SYSTEM32\ColorAdapterClient.dll
0x00007ffa04090000 - 0x00007ffa040d3000 	C:\WINDOWS\SYSTEM32\icm32.dll
0x00007ffa0ef80000 - 0x00007ffa100df000 	C:\WINDOWS\System32\DriverStore\FileRepository\ki120165.inf_amd64_3b2006f0a82a4c14\igc64.dll
0x00007ffa18380000 - 0x00007ffa1843b000 	C:\WINDOWS\SYSTEM32\dxgi.dll
0x00007ffa15e00000 - 0x00007ffa1610b000 	C:\WINDOWS\SYSTEM32\d3d11.dll
0x00007ff9e7590000 - 0x00007ff9e8b12000 	C:\WINDOWS\System32\DriverStore\FileRepository\ki120165.inf_amd64_3b2006f0a82a4c14\igd10iumd64.dll
0x00007ffa190f0000 - 0x00007ffa19116000 	C:\WINDOWS\SYSTEM32\ncrypt.dll
0x00007ffa190b0000 - 0x00007ffa190e6000 	C:\WINDOWS\SYSTEM32\NTASN1.dll

dbghelp: loaded successfully - version: 4.0.5 - missing functions: none
symbol engine: initialized successfully - sym options: 0x614 - pdb path: .;C:\Program Files\Java\jdk-11.0.2\bin;C:\WINDOWS\SYSTEM32;C:\Program Files\AVAST Software\Avast;C:\WINDOWS\WinSxS\amd64_microsoft.windows.common-controls_6595b64144ccf1df_6.0.17134.48_none_b4b2216a3cb4dd3e;C:\Program Files\Java\jdk-11.0.2\bin\server;C:\Program Files\JetBrains\IntelliJ IDEA Community Edition 2018.3.5\bin;C:\Users\Admin\AppData\Local\Temp\libgdxAdmin\689f6d6a;C:\Users\Admin\AppData\Local\Temp\libgdxAdmin\dc0f0009;C:\WINDOWS\System32\DriverStore\FileRepository\ki120165.inf_amd64_3b2006f0a82a4c14

VM Arguments:
jvm_args: -javaagent:C:\Program Files\JetBrains\IntelliJ IDEA Community Edition 2018.3.5\lib\idea_rt.jar=57970:C:\Program Files\JetBrains\IntelliJ IDEA Community Edition 2018.3.5\bin -Dfile.encoding=UTF-8 
java_command: com.mygdx.game.desktop.DesktopLauncher
java_class_path (initial): C:\Users\Admin\Desktop\Project\KuzniaKowala\desktop\out\production\classes;C:\Users\Admin\Desktop\Project\KuzniaKowala\core\out\production\classes;C:\Users\Admin\.gradle\caches\modules-2\files-2.1\com.badlogicgames.gdx\gdx-backend-lwjgl\1.9.9\ca8911cb94c0bfeb59f99e46ca9b92440958fb0e\gdx-backend-lwjgl-1.9.9.jar;C:\Users\Admin\.gradle\caches\modules-2\files-2.1\com.badlogicgames.gdx\gdx-platform\1.9.9\7e644cfafdb436b13b24ac7993ffab17f306b64d\gdx-platform-1.9.9-natives-desktop.jar;C:\Users\Admin\.gradle\caches\modules-2\files-2.1\com.badlogicgames.gdx\gdx-box2d-platform\1.9.9\72b2916f45f3f948896eda931cd597f7e698340f\gdx-box2d-platform-1.9.9-natives-desktop.jar;C:\Users\Admin\.gradle\caches\modules-2\files-2.1\com.badlogicgames.gdx\gdx-box2d\1.9.9\e9a43c50fbe4f1e26dd0af5d2e78d125549e7f6b\gdx-box2d-1.9.9.jar;C:\Users\Admin\.gradle\caches\modules-2\files-2.1\com.badlogicgames.gdx\gdx\1.9.9\bf26f2f816b3cfe37ac6e66615391c30714b7030\gdx-1.9.9.jar;C:\Users\Admin\.gradle\caches\modules-2\files-2.1\org.lwjgl.lwjgl\lwjgl_util\2.9.2\4b9e37300a87799856e0bd15ed81663cdb6b0947\lwjgl_util-2.9.2.jar;C:\Users\Admin\.gradle\caches\modules-2\files-2.1\org.lwjgl.lwjgl\lwjgl\2.9.2\a9d80fe5935c7a9149f6584d9777cfd471f65489\lwjgl-2.9.2.jar;C:\Users\Admin\.gradle\caches\modules-2\files-2.1\com.badlogicgames.jlayer\jlayer\1.0.1-gdx\7cca83cec5c1b2f011362f4d85aabd71a73b049d\jlayer-1.0.1-gdx.jar;C:\Users\Admin\.gradle\caches\modules-2\files-2.1\org.jcraft\jorbis\0.0.17\8872d22b293e8f5d7d56ff92be966e6dc28ebdc6\jorbis-0.0.17.jar;C:\Users\Admin\.gradle\caches\modules-2\files-2.1\org.lwjgl.lwjgl\lwjgl-platform\2.9.2\510c7d317f5e9e700b9cfaac5fd38bdebf0702e0\lwjgl-platform-2.9.2-natives-windows.jar;C:\Users\Admin\.gradle\caches\modules-2\files-2.1\org.lwjgl.lwjgl\lwjgl-platform\2.9.2\d276cdf61fe2b516c7b7f4aa1b8dea91dbdc8d56\lwjgl-platform-2.9.2-natives-linux.jar;C:\Users\Admin\.gradle\caches\modules-2\files-2.1\org.lwjgl.lwjgl\lwjgl-platform\2.9.2\d55b46b40b40249d627a83a7f7f2
Launcher Type: SUN_STANDARD

[Global flags]
     intx CICompilerCount                          = 4                                         {product} {ergonomic}
     uint ConcGCThreads                            = 2                                         {product} {ergonomic}
     uint G1ConcRefinementThreads                  = 8                                         {product} {ergonomic}
   size_t G1HeapRegionSize                         = 1048576                                   {product} {ergonomic}
    uintx GCDrainStackTargetSize                   = 64                                        {product} {ergonomic}
   size_t InitialHeapSize                          = 132120576                                 {product} {ergonomic}
   size_t MarkStackSize                            = 4194304                                   {product} {ergonomic}
   size_t MaxHeapSize                              = 2113929216                                {product} {ergonomic}
   size_t MaxNewSize                               = 1267728384                                {product} {ergonomic}
   size_t MinHeapDeltaBytes                        = 1048576                                   {product} {ergonomic}
    uintx NonNMethodCodeHeapSize                   = 5835340                                {pd product} {ergonomic}
    uintx NonProfiledCodeHeapSize                  = 122911450                              {pd product} {ergonomic}
    uintx ProfiledCodeHeapSize                     = 122911450                              {pd product} {ergonomic}
    uintx ReservedCodeCacheSize                    = 251658240                              {pd product} {ergonomic}
     bool SegmentedCodeCache                       = true                                      {product} {ergonomic}
     bool UseCompressedClassPointers               = true                                 {lp64_product} {ergonomic}
     bool UseCompressedOops                        = true                                 {lp64_product} {ergonomic}
     bool UseG1GC                                  = true                                      {product} {ergonomic}
     bool UseLargePagesIndividualAllocation        = false                                  {pd product} {ergonomic}

Logging:
Log output configuration:
 #0: stdout all=warning uptime,level,tags
 #1: stderr all=off uptime,level,tags

Environment Variables:
PATH=C:\Program Files (x86)\Razer Chroma SDK\bin;C:\Program Files\Razer Chroma SDK\bin;C:\Program Files (x86)\Common Files\Oracle\Java\javapath;C:\ProgramData\Oracle\Java\javapath;C:\Program Files (x86)\Intel\iCLS Client\;C:\Program Files\Intel\iCLS Client\;C:\Windows\system32;C:\Windows;C:\Windows\System32\Wbem;C:\Windows\System32\WindowsPowerShell\v1.0\;C:\Program Files (x86)\Intel\Intel(R) Management Engine Components\DAL;C:\Program Files\Intel\Intel(R) Management Engine Components\DAL;C:\Program Files (x86)\Intel\Intel(R) Management Engine Components\IPT;C:\Program Files\Intel\Intel(R) Management Engine Components\IPT;C:\Program Files (x86)\Brackets\command;C:\WINDOWS\system32;C:\WINDOWS;C:\WINDOWS\System32\Wbem;C:\WINDOWS\System32\WindowsPowerShell\v1.0\;C:\Program Files\nodejs\;C:\Program Files\Microsoft SQL Server\130\Tools\Binn\;C:\Program Files\dotnet\;C:\Program Files\Git\cmd;C:\Program Files (x86)\GtkSharp\2.12\bin;C:\PostgreSQL\pg10\bin;C:\WINDOWS\System32\OpenSSH\;C:\Program Files\Intel\WiFi\bin\;C:\Program Files\Common Files\Intel\WirelessCommon\;C:\Users\Admin\AppData\Local\Microsoft\WindowsApps;C:\Users\Admin\AppData\Roaming\npm;C:\Program Files\Microsoft VS Code\bin;C:\Users\Admin\AppData\Local\GitHubDesktop\bin;C:\Users\Admin\AppData\Local\Microsoft\WindowsApps;C:\Program Files\Common Files\Autodesk Shared\;C:\Program Files\PuTTY\;C:\Users\Admin\AppData\Local\Microsoft\WindowsApps;C:\Users\Admin\AppData\Roaming\npm;C:\Program Files\Microsoft VS Code\bin;C:\Users\Admin\AppData\Local\GitHubDesktop\bin;%USERPROFILE%\AppData\Local\Microsoft\WindowsApps;
USERNAME=Admin
OS=Windows_NT
PROCESSOR_IDENTIFIER=Intel64 Family 6 Model 158 Stepping 9, GenuineIntel



---------------  S Y S T E M  ---------------

OS: Windows 10 , 64 bit Build 17134 (10.0.17134.1)

CPU:total 8 (initial active 8) (4 cores per cpu, 2 threads per core) family 6 model 158 stepping 9, cmov, cx8, fxsr, mmx, sse, sse2, sse3, ssse3, sse4.1, sse4.2, popcnt, avx, avx2, aes, clmul, erms, 3dnowpref, lzcnt, ht, tsc, tscinvbit, bmi1, bmi2, adx, fma

Memory: 4k page, system-wide physical 8058M (1220M free)
TotalPageFile size 14202M (AvailPageFile size 3217M)
current process WorkingSet (physical memory assigned to process): 294M, peak: 294M
current process commit charge ("private bytes"): 410M, peak: 410M

vm_info: OpenJDK 64-Bit Server VM (11.0.2+9) for windows-amd64 JRE (11.0.2+9), built on Jan 18 2019 05:23:22 by "mach5one" with MS VC++ 15.5 (VS2017)

END.
